# JRE version: OpenJDK Runtime Environment (24.0.1+9) (build 24.0.1+9-30)
# Java VM: OpenJDK 64-Bit Server VM (24.0.1+9-30, mixed mode, sharing, tiered, compressed oops, compressed class ptrs, g1 gc, windows-amd64)
GC Precious Log:
 CardTable entry size: 512
 Card Set container configuration: InlinePtr #cards 4 size 8 Array Of Cards #cards 32 size 80 Howl #buckets 8 coarsen threshold 7372 Howl Bitmap #cards 1024 size 144 coarsen threshold 921 Card regions per heap region 1 cards per card region 8192
 CPUs: 8 total, 8 available
 Memory: 32398M
 Large Page Support: Disabled
 NUMA Support: Disabled
 Compressed Oops: Enabled (Zero based)
 Heap Region Size: 4M
 Heap Min Capacity: 8M
 Heap Initial Capacity: 508M
 Heap Max Capacity: 8100M
 Pre-touch: Disabled
 Parallel Workers: 8
 Concurrent Workers: 2
 Concurrent Refinement Workers: 8
 Periodic GC: Disabled
Heap:
 garbage-first heap   total reserved 8294400K, committed 94208K, used 51577K [0x0000000605c00000, 0x0000000800000000)
  region size 4096K, 8 young (32768K), 1 survivors (4096K)
 Metaspace       used 21654K, committed 22272K, reserved 1114112K
  class space    used 2207K, committed 2496K, reserved 1048576K
GC Heap History (20 events):
Event: 659.389 GC heap before
{Heap before GC invocations=280 (full 0):
 garbage-first heap   total reserved 8294400K, committed 94208K, used 76135K [0x0000000605c00000, 0x0000000800000000)
  region size 4096K, 13 young (53248K), 1 survivors (4096K)
 Metaspace       used 21650K, committed 22272K, reserved 1114112K
  class space    used 2206K, committed 2496K, reserved 1048576K
}
Event: 659.390 GC heap after
{Heap after GC invocations=281 (full 0):
 garbage-first heap   total reserved 8294400K, committed 94208K, used 26983K [0x0000000605c00000, 0x0000000800000000)
  region size 4096K, 1 young (4096K), 1 survivors (4096K)
 Metaspace       used 21650K, committed 22272K, reserved 1114112K
  class space    used 2206K, committed 2496K, reserved 1048576K
}
Event: 662.701 GC heap before
{Heap before GC invocations=281 (full 0):
 garbage-first heap   total reserved 8294400K, committed 94208K, used 76135K [0x0000000605c00000, 0x0000000800000000)
  region size 4096K, 13 young (53248K), 1 survivors (4096K)
 Metaspace       used 21650K, committed 22272K, reserved 1114112K
  class space    used 2206K, committed 2496K, reserved 1048576K
}
Event: 662.703 GC heap after
{Heap after GC invocations=282 (full 0):
 garbage-first heap   total reserved 8294400K, committed 94208K, used 26981K [0x0000000605c00000, 0x0000000800000000)
  region size 4096K, 1 young (4096K), 1 survivors (4096K)
 Metaspace       used 21650K, committed 22272K, reserved 1114112K
  class space    used 2206K, committed 2496K, reserved 1048576K
}
Event: 666.021 GC heap before
{Heap before GC invocations=282 (full 0):
 garbage-first heap   total reserved 8294400K, committed 94208K, used 76133K [0x0000000605c00000, 0x0000000800000000)
  region size 4096K, 13 young (53248K), 1 survivors (4096K)
 Metaspace       used 21650K, committed 22272K, reserved 1114112K
  class space    used 2206K, committed 2496K, reserved 1048576K
}
Event: 666.023 GC heap after
{Heap after GC invocations=283 (full 0):
 garbage-first heap   total reserved 8294400K, committed 94208K, used 26985K [0x0000000605c00000, 0x0000000800000000)
  region size 4096K, 1 young (4096K), 1 survivors (4096K)
 Metaspace       used 21650K, committed 22272K, reserved 1114112K
  class space    used 2206K, committed 2496K, reserved 1048576K
}
Event: 669.315 GC heap before
{Heap before GC invocations=283 (full 0):
 garbage-first heap   total reserved 8294400K, committed 94208K, used 76137K [0x0000000605c00000, 0x0000000800000000)
  region size 4096K, 13 young (53248K), 1 survivors (4096K)
 Metaspace       used 21650K, committed 22272K, reserved 1114112K
  class space    used 2206K, committed 2496K, reserved 1048576K
}
Event: 669.316 GC heap after
{Heap after GC invocations=284 (full 0):
 garbage-first heap   total reserved 8294400K, committed 94208K, used 26987K [0x0000000605c00000, 0x0000000800000000)
  region size 4096K, 1 young (4096K), 1 survivors (4096K)
 Metaspace       used 21650K, committed 22272K, reserved 1114112K
  class space    used 2206K, committed 2496K, reserved 1048576K
}
Event: 672.627 GC heap before
{Heap before GC invocations=284 (full 0):
 garbage-first heap   total reserved 8294400K, committed 94208K, used 76139K [0x0000000605c00000, 0x0000000800000000)
  region size 4096K, 13 young (53248K), 1 survivors (4096K)
 Metaspace       used 21650K, committed 22272K, reserved 1114112K
  class space    used 2206K, committed 2496K, reserved 1048576K
}
Event: 672.628 GC heap after
{Heap after GC invocations=285 (full 0):
 garbage-first heap   total reserved 8294400K, committed 94208K, used 26987K [0x0000000605c00000, 0x0000000800000000)
  region size 4096K, 1 young (4096K), 1 survivors (4096K)
 Metaspace       used 21650K, committed 22272K, reserved 1114112K
  class space    used 2206K, committed 2496K, reserved 1048576K
}
Event: 675.951 GC heap before
{Heap before GC invocations=285 (full 0):
 garbage-first heap   total reserved 8294400K, committed 94208K, used 76139K [0x0000000605c00000, 0x0000000800000000)
  region size 4096K, 13 young (53248K), 1 survivors (4096K)
 Metaspace       used 21650K, committed 22272K, reserved 1114112K
  class space    used 2206K, committed 2496K, reserved 1048576K
}
Event: 675.952 GC heap after
{Heap after GC invocations=286 (full 0):
 garbage-first heap   total reserved 8294400K, committed 94208K, used 26987K [0x0000000605c00000, 0x0000000800000000)
  region size 4096K, 1 young (4096K), 1 survivors (4096K)
 Metaspace       used 21650K, committed 22272K, reserved 1114112K
  class space    used 2206K, committed 2496K, reserved 1048576K
}
Event: 679.311 GC heap before
{Heap before GC invocations=286 (full 0):
 garbage-first heap   total reserved 8294400K, committed 94208K, used 76139K [0x0000000605c00000, 0x0000000800000000)
  region size 4096K, 13 young (53248K), 1 survivors (4096K)
 Metaspace       used 21650K, committed 22272K, reserved 1114112K
  class space    used 2206K, committed 2496K, reserved 1048576K
}
Event: 679.312 GC heap after
{Heap after GC invocations=287 (full 0):
 garbage-first heap   total reserved 8294400K, committed 94208K, used 26987K [0x0000000605c00000, 0x0000000800000000)
  region size 4096K, 1 young (4096K), 1 survivors (4096K)
 Metaspace       used 21650K, committed 22272K, reserved 1114112K
  class space    used 2206K, committed 2496K, reserved 1048576K
}
Event: 682.641 GC heap before
{Heap before GC invocations=287 (full 0):
 garbage-first heap   total reserved 8294400K, committed 94208K, used 76139K [0x0000000605c00000, 0x0000000800000000)
  region size 4096K, 13 young (53248K), 1 survivors (4096K)
 Metaspace       used 21650K, committed 22272K, reserved 1114112K
  class space    used 2206K, committed 2496K, reserved 1048576K
}
Event: 682.644 GC heap after
{Heap after GC invocations=288 (full 0):
 garbage-first heap   total reserved 8294400K, committed 94208K, used 26985K [0x0000000605c00000, 0x0000000800000000)
  region size 4096K, 1 young (4096K), 1 survivors (4096K)
 Metaspace       used 21650K, committed 22272K, reserved 1114112K
  class space    used 2206K, committed 2496K, reserved 1048576K
}
Event: 1274.890 GC heap before
{Heap before GC invocations=288 (full 0):
 garbage-first heap   total reserved 8294400K, committed 94208K, used 76137K [0x0000000605c00000, 0x0000000800000000)
  region size 4096K, 13 young (53248K), 1 survivors (4096K)
 Metaspace       used 21651K, committed 22272K, reserved 1114112K
  class space    used 2206K, committed 2496K, reserved 1048576K
}
Event: 1274.891 GC heap after
{Heap after GC invocations=289 (full 0):
 garbage-first heap   total reserved 8294400K, committed 94208K, used 26999K [0x0000000605c00000, 0x0000000800000000)
  region size 4096K, 1 young (4096K), 1 survivors (4096K)
 Metaspace       used 21651K, committed 22272K, reserved 1114112K
  class space    used 2206K, committed 2496K, reserved 1048576K
}
Event: 1278.660 GC heap before
{Heap before GC invocations=289 (full 0):
 garbage-first heap   total reserved 8294400K, committed 94208K, used 76151K [0x0000000605c00000, 0x0000000800000000)
  region size 4096K, 13 young (53248K), 1 survivors (4096K)
 Metaspace       used 21651K, committed 22272K, reserved 1114112K
  class space    used 2206K, committed 2496K, reserved 1048576K
}
Event: 1278.661 GC heap after
{Heap after GC invocations=290 (full 0):
 garbage-first heap   total reserved 8294400K, committed 94208K, used 27001K [0x0000000605c00000, 0x0000000800000000)
  region size 4096K, 1 young (4096K), 1 survivors (4096K)
 Metaspace       used 21651K, committed 22272K, reserved 1114112K
  class space    used 2206K, committed 2496K, reserved 1048576K
}

